2024-09-10T11:05:15.174Z [info]: Server running on port 1400
2024-09-10T11:05:15.756Z [info]: MongoDB connected successfully
2024-09-10T11:08:02.846Z [info]: Server running on port 1400
2024-09-10T11:08:03.457Z [info]: MongoDB connected successfully
2024-09-10T12:35:49.574Z [info]: Server running on port 1400
2024-09-10T12:35:49.587Z [error]: MongoDB connection error: Error: querySrv ETIMEOUT _mongodb._tcp.eventmangement.j1wim.mongodb.net
2024-09-10T12:38:04.381Z [info]: Server running on port 1400
2024-09-10T12:38:36.513Z [error]: MongoDB connection error: MongooseServerSelectionError: Could not connect to any servers in your MongoDB Atlas cluster. One common reason is that you're trying to access the database from an IP that isn't whitelisted. Make sure your current IP address is on your Atlas cluster's IP whitelist: https://www.mongodb.com/docs/atlas/security-whitelist/
2024-09-10T12:39:26.173Z [info]: Server running on port 1400
2024-09-10T12:39:29.051Z [info]: MongoDB connected successfully
2024-09-10T12:40:44.506Z [info]: Server running on port 1400
2024-09-10T12:40:49.316Z [info]: MongoDB connected successfully
2024-09-10T12:47:27.233Z [info]: Server running on port 1400
2024-09-10T12:47:30.963Z [info]: MongoDB connected successfully
2024-09-10T12:47:39.776Z [error]: Error during signup: Illegal arguments: undefined, number
2024-09-10T12:49:24.173Z [info]: Server running on port 1400
2024-09-10T12:49:27.382Z [info]: MongoDB connected successfully
2024-09-10T12:49:34.320Z [error]: Password is undefined
2024-09-10T12:50:16.669Z [error]: Password is undefined
2024-09-10T12:50:25.574Z [error]: Password is undefined
2024-09-10T12:52:41.611Z [error]: Password is undefined
2024-09-10T12:53:26.069Z [error]: Password is undefined
2024-09-10T12:53:44.112Z [error]: Password is undefined
2024-09-10T13:02:28.833Z [info]: Server running on port 1400
2024-09-10T13:02:32.212Z [info]: MongoDB connected successfully
2024-09-10T13:02:59.145Z [warn]: Signup attempt with existing email: abhishek384@gmail.com
2024-09-10T13:03:14.697Z [error]: Error during signup: User validation failed: role: `Uer` is not a valid enum value for path `role`.
2024-09-10T13:16:41.631Z [info]: Server running on port 1400
2024-09-10T13:16:44.785Z [info]: MongoDB connected successfully
2024-09-10T13:17:26.441Z [info]: Server running on port 1400
2024-09-10T13:17:29.493Z [info]: MongoDB connected successfully
2024-09-10T13:45:44.545Z [info]: Server running on port 1400
2024-09-10T13:45:47.611Z [info]: MongoDB connected successfully
2024-09-12T10:42:49.513Z [info]: Server running on port 1400
2024-09-12T10:43:20.323Z [error]: MongoDB connection error: MongooseServerSelectionError: Could not connect to any servers in your MongoDB Atlas cluster. One common reason is that you're trying to access the database from an IP that isn't whitelisted. Make sure your current IP address is on your Atlas cluster's IP whitelist: https://www.mongodb.com/docs/atlas/security-whitelist/
2024-09-12T15:08:02.555Z [info]: Server running on port 1400
2024-09-12T15:08:32.927Z [error]: MongoDB connection error: MongooseServerSelectionError: Could not connect to any servers in your MongoDB Atlas cluster. One common reason is that you're trying to access the database from an IP that isn't whitelisted. Make sure your current IP address is on your Atlas cluster's IP whitelist: https://www.mongodb.com/docs/atlas/security-whitelist/
2024-09-12T15:11:42.889Z [info]: Server running on port 1400
2024-09-12T15:11:46.435Z [info]: MongoDB connected successfully
2024-09-12T15:12:47.441Z [info]: User signed up: vishalkumar524@gmail.com
2024-09-12T15:29:32.269Z [info]: User signed up: vishalkumar455@gmail.com
2024-09-12T17:48:42.579Z [error]: Error during signup: 545C0000:error:0A000438:SSL routines:ssl3_read_bytes:tlsv1 alert internal error:c:\ws\deps\openssl\openssl\ssl\record\rec_layer_s3.c:1590:SSL alert number 80

2024-09-12T18:07:15.201Z [info]: Server running on port 1400
